app/build/intermediates/manifest_merge_blame_file/release/manifest-merger-blame-release-report.txt
1<?xml version="1.0" encoding="utf-8"?>
2<manifest xmlns:android="http://schemas.android.com/apk/res/android"
3    package="ug.go.agriculture.MAAIF_Extension"
4    android:versionCode="34"
5    android:versionName="5.1.0" >
6
7    <uses-sdk
8        android:minSdkVersion="26"
8-->src/main/AndroidManifest.xml
9        android:targetSdkVersion="33" />
9-->src/main/AndroidManifest.xml
10
11    <uses-permission android:name="android.permission.INTERNET" />
11-->src/main/AndroidManifest.xml:8:5-67
11-->src/main/AndroidManifest.xml:8:22-64
12    <uses-permission android:name="android.permission.ACCESS_FINE_LOCATION" />
12-->src/main/AndroidManifest.xml:9:5-79
12-->src/main/AndroidManifest.xml:9:22-76
13    <uses-permission android:name="android.permission.ACCESS_COARSE_LOCATION" />
13-->src/main/AndroidManifest.xml:10:5-80
13-->src/main/AndroidManifest.xml:10:22-78
14    <uses-permission android:name="android.permission.ACCESS_NETWORK_STATE" />
14-->src/main/AndroidManifest.xml:11:5-79
14-->src/main/AndroidManifest.xml:11:22-76
15    <uses-permission android:name="android.permission.READ_PHONE_STATE" />
15-->src/main/AndroidManifest.xml:12:5-75
15-->src/main/AndroidManifest.xml:12:22-72
16    <uses-permission android:name="android.permission.WRITE_EXTERNAL_STORAGE" />
16-->src/main/AndroidManifest.xml:13:5-81
16-->src/main/AndroidManifest.xml:13:22-78
17    <uses-permission android:name="android.permission.READ_EXTERNAL_STORAGE" />
17-->src/main/AndroidManifest.xml:14:5-79
17-->src/main/AndroidManifest.xml:14:22-77
18    <uses-permission android:name="android.permission.CAMERA" />
18-->src/main/AndroidManifest.xml:15:5-65
18-->src/main/AndroidManifest.xml:15:22-62
19
20    <uses-feature
20-->src/main/AndroidManifest.xml:17:5-86
21        android:name="android.hardware.camera"
21-->src/main/AndroidManifest.xml:17:19-57
22        android:required="false" />
22-->src/main/AndroidManifest.xml:17:59-83
23    <uses-feature
23-->src/main/AndroidManifest.xml:18:5-95
24        android:name="android.hardware.camera.autofocus"
24-->src/main/AndroidManifest.xml:18:19-67
25        android:required="false" />
25-->src/main/AndroidManifest.xml:18:69-93
26    <uses-feature
26-->src/main/AndroidManifest.xml:19:5-90
27        android:name="android.hardware.camera.flash"
27-->src/main/AndroidManifest.xml:19:19-63
28        android:required="false" />
28-->src/main/AndroidManifest.xml:19:64-88
29
30    <uses-permission android:name="android.permission.VIBRATE" />
30-->[com.fxn769:pix:1.5.6] AndroidManifest.xml:13:5-66
30-->[com.fxn769:pix:1.5.6] AndroidManifest.xml:13:22-63
31    <uses-permission android:name="android.permission.RECORD_AUDIO" />
31-->[com.fxn769:pix:1.5.6] AndroidManifest.xml:15:5-71
31-->[com.fxn769:pix:1.5.6] AndroidManifest.xml:15:22-68
32    <uses-permission android:name="android.permission.ACCESS_MEDIA_LOCATION" />
32-->[com.fxn769:pix:1.5.6] AndroidManifest.xml:16:5-80
32-->[com.fxn769:pix:1.5.6] AndroidManifest.xml:16:22-77
33    <uses-permission android:name="android.permission.ACCESS_WIFI_STATE" />
33-->[com.google.android.libraries.places:places:1.0.0] AndroidManifest.xml:10:5-76
33-->[com.google.android.libraries.places:places:1.0.0] AndroidManifest.xml:10:22-73
34
35    <uses-feature
35-->[com.google.android.gms:play-services-maps:17.0.0] AndroidManifest.xml:26:5-28:35
36        android:glEsVersion="0x00020000"
36-->[com.google.android.gms:play-services-maps:17.0.0] AndroidManifest.xml:27:9-41
37        android:required="true" />
37-->[com.google.android.gms:play-services-maps:17.0.0] AndroidManifest.xml:28:9-32
38    <uses-feature
38-->[com.otaliastudios:cameraview:2.7.0] AndroidManifest.xml:27:5-29:36
39        android:name="android.hardware.camera.front"
39-->[com.otaliastudios:cameraview:2.7.0] AndroidManifest.xml:28:9-53
40        android:required="false" />
40-->[com.otaliastudios:cameraview:2.7.0] AndroidManifest.xml:29:9-33
41    <uses-feature
41-->[com.otaliastudios:cameraview:2.7.0] AndroidManifest.xml:30:5-32:36
42        android:name="android.hardware.microphone"
42-->[com.otaliastudios:cameraview:2.7.0] AndroidManifest.xml:31:9-51
43        android:required="false" />
43-->[com.otaliastudios:cameraview:2.7.0] AndroidManifest.xml:32:9-33
44
45    <application
45-->src/main/AndroidManifest.xml:22:5-136:24
46        android:name="ug.go.agriculture.MAAIF_Extension.app.AppController"
46-->src/main/AndroidManifest.xml:23:9-75
47        android:allowBackup="true"
47-->src/main/AndroidManifest.xml:24:9-35
48        android:appComponentFactory="androidx"
48-->src/main/AndroidManifest.xml:29:9-47
49        android:extractNativeLibs="false"
50        android:icon="@drawable/ic_launcher"
50-->src/main/AndroidManifest.xml:25:9-45
51        android:label="@string/app_name"
51-->src/main/AndroidManifest.xml:26:9-41
52        android:largeHeap="true"
52-->[com.fxn769:pix:1.5.6] AndroidManifest.xml:19:9-33
53        android:requestLegacyExternalStorage="true"
53-->src/main/AndroidManifest.xml:27:9-52
54        android:supportsRtl="true"
54-->[com.toptoche.searchablespinner:searchablespinnerlibrary:1.3.1] AndroidManifest.xml:14:9-35
55        android:theme="@style/AppTheme"
55-->src/main/AndroidManifest.xml:31:9-40
56        android:usesCleartextTraffic="true" >
56-->src/main/AndroidManifest.xml:30:9-44
57        <activity
57-->src/main/AndroidManifest.xml:33:9-43:20
58            android:name="ug.go.agriculture.MAAIF_Extension.home.Login"
58-->src/main/AndroidManifest.xml:34:13-72
59            android:exported="true"
59-->src/main/AndroidManifest.xml:37:13-36
60            android:label="@string/app_name"
60-->src/main/AndroidManifest.xml:35:13-45
61            android:launchMode="singleTop"
61-->src/main/AndroidManifest.xml:36:13-43
62            android:windowSoftInputMode="adjustPan" >
62-->src/main/AndroidManifest.xml:38:13-52
63            <intent-filter>
63-->src/main/AndroidManifest.xml:39:13-42:29
64                <action
64-->src/main/AndroidManifest.xml:40:17-93
65                    android:name="android.intent.action.MAIN"
65-->src/main/AndroidManifest.xml:40:25-66
66                    android:exported="true" />
66-->src/main/AndroidManifest.xml:40:67-90
67
68                <category android:name="android.intent.category.LAUNCHER" />
68-->src/main/AndroidManifest.xml:41:17-77
68-->src/main/AndroidManifest.xml:41:27-74
69            </intent-filter>
70        </activity>
71        <activity
71-->src/main/AndroidManifest.xml:45:13-183
72            android:name="ug.go.agriculture.MAAIF_Extension.daes.dairy.Dashboard"
72-->src/main/AndroidManifest.xml:45:23-92
73            android:exported="true"
73-->src/main/AndroidManifest.xml:45:126-149
74            android:label="@string/app_name"
74-->src/main/AndroidManifest.xml:45:93-125
75            android:launchMode="singleTop" />
75-->src/main/AndroidManifest.xml:45:150-180
76        <activity
76-->src/main/AndroidManifest.xml:46:13-181
77            android:name="ug.go.agriculture.MAAIF_Extension.daes.advisory.Main"
77-->src/main/AndroidManifest.xml:46:23-90
78            android:exported="true"
78-->src/main/AndroidManifest.xml:46:124-147
79            android:label="@string/app_name"
79-->src/main/AndroidManifest.xml:46:91-123
80            android:launchMode="singleTop" />
80-->src/main/AndroidManifest.xml:46:148-178
81        <activity
81-->src/main/AndroidManifest.xml:47:13-181
82            android:name="ug.go.agriculture.MAAIF_Extension.daes.advisory.Form"
82-->src/main/AndroidManifest.xml:47:23-90
83            android:exported="true"
83-->src/main/AndroidManifest.xml:47:124-147
84            android:label="@string/app_name"
84-->src/main/AndroidManifest.xml:47:91-123
85            android:launchMode="singleTop" />
85-->src/main/AndroidManifest.xml:47:148-178
86        <activity
86-->src/main/AndroidManifest.xml:48:13-182
87            android:name="ug.go.agriculture.MAAIF_Extension.daes.outbreaks.Form"
87-->src/main/AndroidManifest.xml:48:23-91
88            android:exported="true"
88-->src/main/AndroidManifest.xml:48:125-148
89            android:label="@string/app_name"
89-->src/main/AndroidManifest.xml:48:92-124
90            android:launchMode="singleTop" />
90-->src/main/AndroidManifest.xml:48:149-179
91        <activity
91-->src/main/AndroidManifest.xml:49:13-183
92            android:name="ug.go.agriculture.MAAIF_Extension.farmer.advisory.Main"
92-->src/main/AndroidManifest.xml:49:23-92
93            android:exported="true"
93-->src/main/AndroidManifest.xml:49:126-149
94            android:label="@string/app_name"
94-->src/main/AndroidManifest.xml:49:93-125
95            android:launchMode="singleTop" />
95-->src/main/AndroidManifest.xml:49:150-180
96        <activity
96-->src/main/AndroidManifest.xml:50:13-183
97            android:name="ug.go.agriculture.MAAIF_Extension.farmer.advisory.Form"
97-->src/main/AndroidManifest.xml:50:23-92
98            android:exported="true"
98-->src/main/AndroidManifest.xml:50:126-149
99            android:label="@string/app_name"
99-->src/main/AndroidManifest.xml:50:93-125
100            android:launchMode="singleTop" />
100-->src/main/AndroidManifest.xml:50:150-180
101        <activity
101-->src/main/AndroidManifest.xml:51:13-184
102            android:name="ug.go.agriculture.MAAIF_Extension.farmer.outbreaks.Form"
102-->src/main/AndroidManifest.xml:51:23-93
103            android:exported="true"
103-->src/main/AndroidManifest.xml:51:127-150
104            android:label="@string/app_name"
104-->src/main/AndroidManifest.xml:51:94-126
105            android:launchMode="singleTop" />
105-->src/main/AndroidManifest.xml:51:151-181
106        <activity
106-->src/main/AndroidManifest.xml:52:13-178
107            android:name="ug.go.agriculture.MAAIF_Extension.daes.dairy.Main"
107-->src/main/AndroidManifest.xml:52:23-87
108            android:exported="true"
108-->src/main/AndroidManifest.xml:52:121-144
109            android:label="@string/app_name"
109-->src/main/AndroidManifest.xml:52:88-120
110            android:launchMode="singleTop" />
110-->src/main/AndroidManifest.xml:52:145-175
111        <activity
111-->src/main/AndroidManifest.xml:54:13-180
112            android:name="ug.go.agriculture.MAAIF_Extension.daes.weather.Main"
112-->src/main/AndroidManifest.xml:54:23-89
113            android:exported="true"
113-->src/main/AndroidManifest.xml:54:123-146
114            android:label="@string/app_name"
114-->src/main/AndroidManifest.xml:54:90-122
115            android:launchMode="singleTop" />
115-->src/main/AndroidManifest.xml:54:147-177
116        <activity
116-->src/main/AndroidManifest.xml:55:13-180
117            android:name="ug.go.agriculture.MAAIF_Extension.daes.weather.Form"
117-->src/main/AndroidManifest.xml:55:23-89
118            android:exported="true"
118-->src/main/AndroidManifest.xml:55:123-146
119            android:label="@string/app_name"
119-->src/main/AndroidManifest.xml:55:90-122
120            android:launchMode="singleTop" />
120-->src/main/AndroidManifest.xml:55:147-177
121        <activity
121-->src/main/AndroidManifest.xml:56:13-182
122            android:name="ug.go.agriculture.MAAIF_Extension.daes.weather.Review"
122-->src/main/AndroidManifest.xml:56:23-91
123            android:exported="true"
123-->src/main/AndroidManifest.xml:56:125-148
124            android:label="@string/app_name"
124-->src/main/AndroidManifest.xml:56:92-124
125            android:launchMode="singleTop" />
125-->src/main/AndroidManifest.xml:56:149-179
126        <activity
126-->src/main/AndroidManifest.xml:57:13-182
127            android:name="ug.go.agriculture.MAAIF_Extension.daes.outbreaks.Main"
127-->src/main/AndroidManifest.xml:57:23-91
128            android:exported="true"
128-->src/main/AndroidManifest.xml:57:125-148
129            android:label="@string/app_name"
129-->src/main/AndroidManifest.xml:57:92-124
130            android:launchMode="singleTop" />
130-->src/main/AndroidManifest.xml:57:149-179
131        <activity
131-->src/main/AndroidManifest.xml:58:13-184
132            android:name="ug.go.agriculture.MAAIF_Extension.daes.outbreaks.Review"
132-->src/main/AndroidManifest.xml:58:23-93
133            android:exported="true"
133-->src/main/AndroidManifest.xml:58:127-150
134            android:label="@string/app_name"
134-->src/main/AndroidManifest.xml:58:94-126
135            android:launchMode="singleTop" />
135-->src/main/AndroidManifest.xml:58:151-181
136        <activity
136-->src/main/AndroidManifest.xml:59:13-189
137            android:name="ug.go.agriculture.MAAIF_Extension.daes.outbreaks.PhotoUpload"
137-->src/main/AndroidManifest.xml:59:23-98
138            android:exported="true"
138-->src/main/AndroidManifest.xml:59:132-155
139            android:label="@string/app_name"
139-->src/main/AndroidManifest.xml:59:99-131
140            android:launchMode="singleTop" />
140-->src/main/AndroidManifest.xml:59:156-186
141        <activity
141-->src/main/AndroidManifest.xml:60:13-182
142            android:name="ug.go.agriculture.MAAIF_Extension.farmer.weather.Main"
142-->src/main/AndroidManifest.xml:60:23-91
143            android:exported="true"
143-->src/main/AndroidManifest.xml:60:125-148
144            android:label="@string/app_name"
144-->src/main/AndroidManifest.xml:60:92-124
145            android:launchMode="singleTop" />
145-->src/main/AndroidManifest.xml:60:149-179
146        <activity
146-->src/main/AndroidManifest.xml:61:13-182
147            android:name="ug.go.agriculture.MAAIF_Extension.farmer.weather.Form"
147-->src/main/AndroidManifest.xml:61:23-91
148            android:exported="true"
148-->src/main/AndroidManifest.xml:61:125-148
149            android:label="@string/app_name"
149-->src/main/AndroidManifest.xml:61:92-124
150            android:launchMode="singleTop" />
150-->src/main/AndroidManifest.xml:61:149-179
151        <activity
151-->src/main/AndroidManifest.xml:62:13-184
152            android:name="ug.go.agriculture.MAAIF_Extension.farmer.weather.Review"
152-->src/main/AndroidManifest.xml:62:23-93
153            android:exported="true"
153-->src/main/AndroidManifest.xml:62:127-150
154            android:label="@string/app_name"
154-->src/main/AndroidManifest.xml:62:94-126
155            android:launchMode="singleTop" />
155-->src/main/AndroidManifest.xml:62:151-181
156        <activity
156-->src/main/AndroidManifest.xml:63:13-184
157            android:name="ug.go.agriculture.MAAIF_Extension.farmer.outbreaks.Main"
157-->src/main/AndroidManifest.xml:63:23-93
158            android:exported="true"
158-->src/main/AndroidManifest.xml:63:127-150
159            android:label="@string/app_name"
159-->src/main/AndroidManifest.xml:63:94-126
160            android:launchMode="singleTop" />
160-->src/main/AndroidManifest.xml:63:151-181
161        <activity
161-->src/main/AndroidManifest.xml:64:13-186
162            android:name="ug.go.agriculture.MAAIF_Extension.farmer.outbreaks.Review"
162-->src/main/AndroidManifest.xml:64:23-95
163            android:exported="true"
163-->src/main/AndroidManifest.xml:64:129-152
164            android:label="@string/app_name"
164-->src/main/AndroidManifest.xml:64:96-128
165            android:launchMode="singleTop" />
165-->src/main/AndroidManifest.xml:64:153-183
166        <activity
166-->src/main/AndroidManifest.xml:65:13-186
167            android:name="ug.go.agriculture.MAAIF_Extension.daes.notifications.Main"
167-->src/main/AndroidManifest.xml:65:23-95
168            android:exported="true"
168-->src/main/AndroidManifest.xml:65:129-152
169            android:label="@string/app_name"
169-->src/main/AndroidManifest.xml:65:96-128
170            android:launchMode="singleTop" />
170-->src/main/AndroidManifest.xml:65:153-183
171        <activity
171-->src/main/AndroidManifest.xml:66:13-176
172            android:name="ug.go.agriculture.MAAIF_Extension.profile.Main"
172-->src/main/AndroidManifest.xml:66:23-84
173            android:exported="true"
173-->src/main/AndroidManifest.xml:66:119-142
174            android:label="@string/app_name"
174-->src/main/AndroidManifest.xml:66:85-117
175            android:launchMode="singleTop" />
175-->src/main/AndroidManifest.xml:66:143-173
176        <activity
176-->src/main/AndroidManifest.xml:67:13-177
177            android:name="ug.go.agriculture.MAAIF_Extension.settings.Main"
177-->src/main/AndroidManifest.xml:67:23-85
178            android:exported="true"
178-->src/main/AndroidManifest.xml:67:120-143
179            android:label="@string/app_name"
179-->src/main/AndroidManifest.xml:67:86-118
180            android:launchMode="singleTop" />
180-->src/main/AndroidManifest.xml:67:144-174
181        <activity
181-->src/main/AndroidManifest.xml:68:13-177
182            android:name="ug.go.agriculture.MAAIF_Extension.location.Main"
182-->src/main/AndroidManifest.xml:68:23-85
183            android:exported="true"
183-->src/main/AndroidManifest.xml:68:120-143
184            android:label="@string/app_name"
184-->src/main/AndroidManifest.xml:68:86-118
185            android:launchMode="singleTop" />
185-->src/main/AndroidManifest.xml:68:144-174
186        <activity
186-->src/main/AndroidManifest.xml:70:13-193
187            android:name="ug.go.agriculture.MAAIF_Extension.daes.dairy.PlannedActivityForm"
187-->src/main/AndroidManifest.xml:70:23-102
188            android:exported="true"
188-->src/main/AndroidManifest.xml:70:136-159
189            android:label="@string/app_name"
189-->src/main/AndroidManifest.xml:70:103-135
190            android:launchMode="singleTop" />
190-->src/main/AndroidManifest.xml:70:160-190
191        <activity
191-->src/main/AndroidManifest.xml:71:13-180
192            android:name="ug.go.agriculture.MAAIF_Extension.daes.dairy.Review"
192-->src/main/AndroidManifest.xml:71:23-89
193            android:exported="true"
193-->src/main/AndroidManifest.xml:71:123-146
194            android:label="@string/app_name"
194-->src/main/AndroidManifest.xml:71:90-122
195            android:launchMode="singleTop" />
195-->src/main/AndroidManifest.xml:71:147-177
196        <activity
196-->src/main/AndroidManifest.xml:72:13-185
197            android:name="ug.go.agriculture.MAAIF_Extension.daes.dairy.PhotoUpload"
197-->src/main/AndroidManifest.xml:72:23-94
198            android:exported="true"
198-->src/main/AndroidManifest.xml:72:128-151
199            android:label="@string/app_name"
199-->src/main/AndroidManifest.xml:72:95-127
200            android:launchMode="singleTop" />
200-->src/main/AndroidManifest.xml:72:152-182
201        <activity
201-->src/main/AndroidManifest.xml:73:13-195
202            android:name="ug.go.agriculture.MAAIF_Extension.daes.dairy.UnplannedActivityForm"
202-->src/main/AndroidManifest.xml:73:23-104
203            android:exported="true"
203-->src/main/AndroidManifest.xml:73:138-161
204            android:label="@string/app_name"
204-->src/main/AndroidManifest.xml:73:105-137
205            android:launchMode="singleTop" />
205-->src/main/AndroidManifest.xml:73:162-192
206        <activity
206-->src/main/AndroidManifest.xml:75:13-183
207            android:name="ug.go.agriculture.MAAIF_Extension.daes.profiling.Main"
207-->src/main/AndroidManifest.xml:75:23-91
208            android:exported="true"
208-->src/main/AndroidManifest.xml:75:126-149
209            android:label="@string/app_name"
209-->src/main/AndroidManifest.xml:75:92-124
210            android:launchMode="singleTop" />
210-->src/main/AndroidManifest.xml:75:150-180
211        <activity
211-->src/main/AndroidManifest.xml:76:13-195
212            android:name="ug.go.agriculture.MAAIF_Extension.daes.profiling.otherplayers.Main"
212-->src/main/AndroidManifest.xml:76:23-104
213            android:exported="true"
213-->src/main/AndroidManifest.xml:76:138-161
214            android:label="@string/app_name"
214-->src/main/AndroidManifest.xml:76:105-137
215            android:launchMode="singleTop" />
215-->src/main/AndroidManifest.xml:76:162-192
216        <activity
216-->src/main/AndroidManifest.xml:77:13-195
217            android:name="ug.go.agriculture.MAAIF_Extension.daes.profiling.otherplayers.Form"
217-->src/main/AndroidManifest.xml:77:23-104
218            android:exported="true"
218-->src/main/AndroidManifest.xml:77:138-161
219            android:label="@string/app_name"
219-->src/main/AndroidManifest.xml:77:105-137
220            android:launchMode="singleTop" />
220-->src/main/AndroidManifest.xml:77:162-192
221        <activity
221-->src/main/AndroidManifest.xml:78:13-189
222            android:name="ug.go.agriculture.MAAIF_Extension.daes.profiling.farmer.Main"
222-->src/main/AndroidManifest.xml:78:23-98
223            android:exported="true"
223-->src/main/AndroidManifest.xml:78:132-155
224            android:label="@string/app_name"
224-->src/main/AndroidManifest.xml:78:99-131
225            android:launchMode="singleTop" />
225-->src/main/AndroidManifest.xml:78:156-186
226        <activity
226-->src/main/AndroidManifest.xml:79:13-189
227            android:name="ug.go.agriculture.MAAIF_Extension.daes.profiling.farmer.Form"
227-->src/main/AndroidManifest.xml:79:23-98
228            android:exported="true"
228-->src/main/AndroidManifest.xml:79:132-155
229            android:label="@string/app_name"
229-->src/main/AndroidManifest.xml:79:99-131
230            android:launchMode="singleTop" />
230-->src/main/AndroidManifest.xml:79:156-186
231        <activity
231-->src/main/AndroidManifest.xml:80:13-190
232            android:name="ug.go.agriculture.MAAIF_Extension.daes.profiling.farmer.Review"
232-->src/main/AndroidManifest.xml:80:23-100
233            android:exported="true"
233-->src/main/AndroidManifest.xml:80:134-157
234            android:label="@string/app_name"
234-->src/main/AndroidManifest.xml:80:101-133
235            android:launchMode="singleTop" />
235-->src/main/AndroidManifest.xml:80:158-188
236        <activity
236-->src/main/AndroidManifest.xml:81:13-194
237            android:name="ug.go.agriculture.MAAIF_Extension.daes.profiling.farmergroup.Form"
237-->src/main/AndroidManifest.xml:81:23-103
238            android:exported="true"
238-->src/main/AndroidManifest.xml:81:137-160
239            android:label="@string/app_name"
239-->src/main/AndroidManifest.xml:81:104-136
240            android:launchMode="singleTop" />
240-->src/main/AndroidManifest.xml:81:161-191
241        <activity
241-->src/main/AndroidManifest.xml:82:13-194
242            android:name="ug.go.agriculture.MAAIF_Extension.daes.profiling.farmergroup.Main"
242-->src/main/AndroidManifest.xml:82:23-103
243            android:exported="true"
243-->src/main/AndroidManifest.xml:82:137-160
244            android:label="@string/app_name"
244-->src/main/AndroidManifest.xml:82:104-136
245            android:launchMode="singleTop" />
245-->src/main/AndroidManifest.xml:82:161-191
246        <activity
246-->src/main/AndroidManifest.xml:83:13-196
247            android:name="ug.go.agriculture.MAAIF_Extension.daes.profiling.farmergroup.Review"
247-->src/main/AndroidManifest.xml:83:23-105
248            android:exported="true"
248-->src/main/AndroidManifest.xml:83:139-162
249            android:label="@string/app_name"
249-->src/main/AndroidManifest.xml:83:106-138
250            android:launchMode="singleTop" />
250-->src/main/AndroidManifest.xml:83:163-193
251        <activity
251-->src/main/AndroidManifest.xml:84:13-197
252            android:name="ug.go.agriculture.MAAIF_Extension.daes.profiling.otherplayers.Review"
252-->src/main/AndroidManifest.xml:84:23-106
253            android:exported="true"
253-->src/main/AndroidManifest.xml:84:140-163
254            android:label="@string/app_name"
254-->src/main/AndroidManifest.xml:84:107-139
255            android:launchMode="singleTop" />
255-->src/main/AndroidManifest.xml:84:164-194
256        <activity
256-->src/main/AndroidManifest.xml:86:13-176
257            android:name="ug.go.agriculture.MAAIF_Extension.daes.grm.Main"
257-->src/main/AndroidManifest.xml:86:23-85
258            android:exported="true"
258-->src/main/AndroidManifest.xml:86:119-142
259            android:label="@string/app_name"
259-->src/main/AndroidManifest.xml:86:86-118
260            android:launchMode="singleTop" />
260-->src/main/AndroidManifest.xml:86:143-173
261        <activity
261-->src/main/AndroidManifest.xml:87:13-194
262            android:name="ug.go.agriculture.MAAIF_Extension.daes.grm.GRMHelpOnlineActivity"
262-->src/main/AndroidManifest.xml:87:23-102
263            android:exported="true"
263-->src/main/AndroidManifest.xml:87:137-160
264            android:label="@string/app_name"
264-->src/main/AndroidManifest.xml:87:103-135
265            android:launchMode="singleTop" />
265-->src/main/AndroidManifest.xml:87:161-191
266        <activity
266-->src/main/AndroidManifest.xml:88:13-181
267            android:name="ug.go.agriculture.MAAIF_Extension.daes.grm.GRMOnline"
267-->src/main/AndroidManifest.xml:88:23-90
268            android:exported="true"
268-->src/main/AndroidManifest.xml:88:124-147
269            android:label="@string/app_name"
269-->src/main/AndroidManifest.xml:88:91-123
270            android:launchMode="singleTop" />
270-->src/main/AndroidManifest.xml:88:148-178
271        <activity
271-->src/main/AndroidManifest.xml:89:13-184
272            android:name="ug.go.agriculture.MAAIF_Extension.daes.grm.HelpActivity"
272-->src/main/AndroidManifest.xml:89:23-93
273            android:exported="true"
273-->src/main/AndroidManifest.xml:89:127-150
274            android:label="@string/app_name"
274-->src/main/AndroidManifest.xml:89:94-126
275            android:launchMode="singleTop" />
275-->src/main/AndroidManifest.xml:89:151-181
276        <activity
276-->src/main/AndroidManifest.xml:90:13-191
277            android:name="ug.go.agriculture.MAAIF_Extension.daes.grm.ReportGrievanceForm"
277-->src/main/AndroidManifest.xml:90:23-100
278            android:exported="true"
278-->src/main/AndroidManifest.xml:90:134-157
279            android:label="@string/app_name"
279-->src/main/AndroidManifest.xml:90:101-133
280            android:launchMode="singleTop" />
280-->src/main/AndroidManifest.xml:90:158-188
281        <activity
281-->src/main/AndroidManifest.xml:91:13-178
282            android:name="ug.go.agriculture.MAAIF_Extension.daes.grm.Review"
282-->src/main/AndroidManifest.xml:91:23-87
283            android:exported="true"
283-->src/main/AndroidManifest.xml:91:121-144
284            android:label="@string/app_name"
284-->src/main/AndroidManifest.xml:91:88-120
285            android:launchMode="singleTop" />
285-->src/main/AndroidManifest.xml:91:145-175
286        <activity
286-->src/main/AndroidManifest.xml:92:13-177
287            android:name="ug.go.agriculture.MAAIF_Extension.daes.grm.Track"
287-->src/main/AndroidManifest.xml:92:23-86
288            android:exported="true"
288-->src/main/AndroidManifest.xml:92:120-143
289            android:label="@string/app_name"
289-->src/main/AndroidManifest.xml:92:87-119
290            android:launchMode="singleTop" />
290-->src/main/AndroidManifest.xml:92:144-174
291        <activity
291-->src/main/AndroidManifest.xml:93:13-201
292            android:name="ug.go.agriculture.MAAIF_Extension.daes.grm.TrackGrievanceOnlineActivity"
292-->src/main/AndroidManifest.xml:93:23-109
293            android:exported="true"
293-->src/main/AndroidManifest.xml:93:111-134
294            android:label="@string/app_name"
294-->src/main/AndroidManifest.xml:93:135-167
295            android:launchMode="singleTop" />
295-->src/main/AndroidManifest.xml:93:168-198
296        <activity
296-->src/main/AndroidManifest.xml:94:13-188
297            android:name="ug.go.agriculture.MAAIF_Extension.daes.grm.WelcomeActivity"
297-->src/main/AndroidManifest.xml:94:23-96
298            android:exported="true"
298-->src/main/AndroidManifest.xml:94:131-154
299            android:label="@string/app_name"
299-->src/main/AndroidManifest.xml:94:97-129
300            android:launchMode="singleTop" />
300-->src/main/AndroidManifest.xml:94:155-185
301        <activity
301-->src/main/AndroidManifest.xml:96:13-178
302            android:name="ug.go.agriculture.MAAIF_Extension.farmer.grm.Main"
302-->src/main/AndroidManifest.xml:96:23-87
303            android:exported="true"
303-->src/main/AndroidManifest.xml:96:121-144
304            android:label="@string/app_name"
304-->src/main/AndroidManifest.xml:96:88-120
305            android:launchMode="singleTop" />
305-->src/main/AndroidManifest.xml:96:145-175
306        <activity
306-->src/main/AndroidManifest.xml:97:13-195
307            android:name="ug.go.agriculture.MAAIF_Extension.farmer.grm.GRMHelpOnlineActivity"
307-->src/main/AndroidManifest.xml:97:23-104
308            android:exported="true"
308-->src/main/AndroidManifest.xml:97:138-161
309            android:label="@string/app_name"
309-->src/main/AndroidManifest.xml:97:105-137
310            android:launchMode="singleTop" />
310-->src/main/AndroidManifest.xml:97:162-192
311        <activity
311-->src/main/AndroidManifest.xml:98:13-183
312            android:name="ug.go.agriculture.MAAIF_Extension.farmer.grm.GRMOnline"
312-->src/main/AndroidManifest.xml:98:23-92
313            android:exported="true"
313-->src/main/AndroidManifest.xml:98:126-149
314            android:label="@string/app_name"
314-->src/main/AndroidManifest.xml:98:93-125
315            android:launchMode="singleTop" />
315-->src/main/AndroidManifest.xml:98:150-180
316        <activity
316-->src/main/AndroidManifest.xml:99:13-186
317            android:name="ug.go.agriculture.MAAIF_Extension.farmer.grm.HelpActivity"
317-->src/main/AndroidManifest.xml:99:23-95
318            android:exported="true"
318-->src/main/AndroidManifest.xml:99:129-152
319            android:label="@string/app_name"
319-->src/main/AndroidManifest.xml:99:96-128
320            android:launchMode="singleTop" />
320-->src/main/AndroidManifest.xml:99:153-183
321        <activity
321-->src/main/AndroidManifest.xml:100:13-193